2024-08-18 16:58:18,023 - main - INFO - Crawl starting...
2024-08-18 16:58:18,023 - main - INFO - Getting site...
2024-08-18 16:58:18,023 - main - INFO - Get 7 sites
2024-08-18 16:58:18,023 - main - INFO - Getting history...
2024-08-18 16:58:18,023 - main - INFO - Get 8 history(The extra one is the template.)
2024-08-18 16:58:18,023 - main - INFO - Check the sites that need to be crawled...
2024-08-18 16:58:18,023 - main - INFO - Checking 食品伙伴网-国际预警...
2024-08-18 16:58:18,024 - main - INFO - This site is added to the list.
2024-08-18 16:58:18,024 - main - INFO - Checking 食品伙伴网-中国食品...
2024-08-18 16:58:18,026 - main - INFO - This site is added to the list.
2024-08-18 16:58:18,026 - main - INFO - Checking 食品伙伴网-权威发布...
2024-08-18 16:58:18,026 - main - INFO - This site is added to the list.
2024-08-18 16:58:18,026 - main - INFO - Checking 食品伙伴网-权威发布...
2024-08-18 16:58:18,026 - main - INFO - This site is added to the list.
2024-08-18 16:58:18,026 - main - INFO - Checking 食品伙伴网-国际食品...
2024-08-18 16:58:18,026 - main - INFO - This site is added to the list.
2024-08-18 16:58:18,026 - main - INFO - Checking 食品伙伴网-观点评论...
2024-08-18 16:58:18,026 - main - INFO - This site is added to the list.
2024-08-18 16:58:18,026 - main - INFO - Checking 澳门特别行政区政府-国际咨询...
2024-08-18 16:58:18,026 - main - INFO - This site is added to the list.
2024-08-18 16:58:18,026 - main - INFO - Get 7 sites that need to be crawled
2024-08-18 16:58:18,026 - main.crawl.build - INFO - Building crawls...
2024-08-18 16:58:18,026 - main.crawl.build - INFO - Now building crawl 1...
2024-08-18 16:58:18,026 - main.crawl.build - INFO - Building mongoDB...
2024-08-18 16:58:18,026 - main.database.mongoDB - INFO - initialize mongoDB...
2024-08-18 16:58:18,026 - main.database.mongoDB - INFO - Connecting to mongodb://localhost:27017
2024-08-18 16:58:18,029 - main.database.mongoDB - INFO - Connect successfully
2024-08-18 16:58:18,029 - main.crawl.build - INFO - Now building crawl 2...
2024-08-18 16:58:18,029 - main.crawl.build - INFO - Building mongoDB...
2024-08-18 16:58:18,029 - main.database.mongoDB - INFO - initialize mongoDB...
2024-08-18 16:58:18,029 - main.database.mongoDB - INFO - Connecting to mongodb://localhost:27017
2024-08-18 16:58:18,030 - main.database.mongoDB - INFO - Connect successfully
2024-08-18 16:58:18,030 - main.crawl.build - INFO - Now building crawl 3...
2024-08-18 16:58:18,030 - main.crawl.build - INFO - Building mongoDB...
2024-08-18 16:58:18,030 - main.database.mongoDB - INFO - initialize mongoDB...
2024-08-18 16:58:18,030 - main.database.mongoDB - INFO - Connecting to mongodb://localhost:27017
2024-08-18 16:58:18,032 - main.database.mongoDB - INFO - Connect successfully
2024-08-18 16:58:18,032 - main.crawl.build - INFO - Now building crawl 4...
2024-08-18 16:58:18,032 - main.crawl.build - INFO - Building mongoDB...
2024-08-18 16:58:18,032 - main.database.mongoDB - INFO - initialize mongoDB...
2024-08-18 16:58:18,032 - main.database.mongoDB - INFO - Connecting to mongodb://localhost:27017
2024-08-18 16:58:18,034 - main.database.mongoDB - INFO - Connect successfully
2024-08-18 16:58:18,034 - main.crawl.build - INFO - Now building crawl 5...
2024-08-18 16:58:18,034 - main.crawl.build - INFO - Building mongoDB...
2024-08-18 16:58:18,034 - main.database.mongoDB - INFO - initialize mongoDB...
2024-08-18 16:58:18,034 - main.database.mongoDB - INFO - Connecting to mongodb://localhost:27017
2024-08-18 16:58:18,035 - main.database.mongoDB - INFO - Connect successfully
2024-08-18 16:58:18,035 - main.crawl.build - INFO - Now building crawl 6...
2024-08-18 16:58:18,036 - main.crawl.build - INFO - Building mongoDB...
2024-08-18 16:58:18,036 - main.database.mongoDB - INFO - initialize mongoDB...
2024-08-18 16:58:18,036 - main.database.mongoDB - INFO - Connecting to mongodb://localhost:27017
2024-08-18 16:58:18,037 - main.database.mongoDB - INFO - Connect successfully
2024-08-18 16:58:18,037 - main.crawl.build - INFO - Now building crawl 7...
2024-08-18 16:58:18,037 - main.crawl.build - INFO - Building mongoDB...
2024-08-18 16:58:18,037 - main.database.mongoDB - INFO - initialize mongoDB...
2024-08-18 16:58:18,037 - main.database.mongoDB - INFO - Connecting to mongodb://localhost:27017
2024-08-18 16:58:18,038 - main.database.mongoDB - INFO - Connect successfully
2024-08-18 16:58:18,038 - main - INFO - Crawl completed!
