2024-08-18 17:05:51,901 - main - INFO - Crawl starting...
2024-08-18 17:05:51,901 - main - INFO - Getting site...
2024-08-18 17:05:51,901 - main - INFO - Get 7 sites
2024-08-18 17:05:51,901 - main - INFO - Getting history...
2024-08-18 17:05:51,901 - main - INFO - Get 8 history(The extra one is the template.)
2024-08-18 17:05:51,901 - main - INFO - Check the sites that need to be crawled...
2024-08-18 17:05:51,901 - main - INFO - Checking 食品伙伴网-国际预警...
2024-08-18 17:05:51,902 - main - INFO - This site is added to the list.
2024-08-18 17:05:51,902 - main - INFO - Checking 食品伙伴网-中国食品...
2024-08-18 17:05:51,904 - main - INFO - This site is added to the list.
2024-08-18 17:05:51,904 - main - INFO - Checking 食品伙伴网-权威发布...
2024-08-18 17:05:51,904 - main - INFO - This site is added to the list.
2024-08-18 17:05:51,904 - main - INFO - Checking 食品伙伴网-权威发布...
2024-08-18 17:05:51,904 - main - INFO - This site is added to the list.
2024-08-18 17:05:51,904 - main - INFO - Checking 食品伙伴网-国际食品...
2024-08-18 17:05:51,904 - main - INFO - This site is added to the list.
2024-08-18 17:05:51,904 - main - INFO - Checking 食品伙伴网-观点评论...
2024-08-18 17:05:51,904 - main - INFO - This site is added to the list.
2024-08-18 17:05:51,904 - main - INFO - Checking 澳门特别行政区政府-国际咨询...
2024-08-18 17:05:51,904 - main - INFO - This site is added to the list.
2024-08-18 17:05:51,904 - main - INFO - Get 7 sites that need to be crawled
2024-08-18 17:05:51,904 - main.crawl.build - INFO - Building crawls...
2024-08-18 17:05:51,904 - main.crawl.build - INFO - Now building crawl 1...
2024-08-18 17:05:51,904 - main.crawl.build - INFO - Building mongoDB...
2024-08-18 17:05:51,904 - main.database.mongoDB - INFO - initialize mongoDB...
2024-08-18 17:05:51,904 - main.database.mongoDB - INFO - Connecting to mongodb://localhost:27017
2024-08-18 17:05:51,907 - main.database.mongoDB - INFO - Connect successfully
2024-08-18 17:05:51,907 - main.crawl.build - INFO - Now building crawl 2...
2024-08-18 17:05:51,907 - main.crawl.build - INFO - Building mongoDB...
2024-08-18 17:05:51,907 - main.database.mongoDB - INFO - initialize mongoDB...
2024-08-18 17:05:51,907 - main.database.mongoDB - INFO - Connecting to mongodb://localhost:27017
2024-08-18 17:05:51,908 - main.database.mongoDB - INFO - Connect successfully
2024-08-18 17:05:51,908 - main.crawl.build - INFO - Now building crawl 3...
2024-08-18 17:05:51,908 - main.crawl.build - INFO - Building mongoDB...
2024-08-18 17:05:51,908 - main.database.mongoDB - INFO - initialize mongoDB...
2024-08-18 17:05:51,908 - main.database.mongoDB - INFO - Connecting to mongodb://localhost:27017
2024-08-18 17:05:51,909 - main.database.mongoDB - INFO - Connect successfully
2024-08-18 17:05:51,909 - main.crawl.build - INFO - Now building crawl 4...
2024-08-18 17:05:51,909 - main.crawl.build - INFO - Building mongoDB...
2024-08-18 17:05:51,909 - main.database.mongoDB - INFO - initialize mongoDB...
2024-08-18 17:05:51,910 - main.database.mongoDB - INFO - Connecting to mongodb://localhost:27017
2024-08-18 17:05:51,911 - main.database.mongoDB - INFO - Connect successfully
2024-08-18 17:05:51,911 - main.crawl.build - INFO - Now building crawl 5...
2024-08-18 17:05:51,911 - main.crawl.build - INFO - Building mongoDB...
2024-08-18 17:05:51,911 - main.database.mongoDB - INFO - initialize mongoDB...
2024-08-18 17:05:51,911 - main.database.mongoDB - INFO - Connecting to mongodb://localhost:27017
2024-08-18 17:05:51,913 - main.database.mongoDB - INFO - Connect successfully
2024-08-18 17:05:51,913 - main.crawl.build - INFO - Now building crawl 6...
2024-08-18 17:05:51,913 - main.crawl.build - INFO - Building mongoDB...
2024-08-18 17:05:51,913 - main.database.mongoDB - INFO - initialize mongoDB...
2024-08-18 17:05:51,913 - main.database.mongoDB - INFO - Connecting to mongodb://localhost:27017
2024-08-18 17:05:51,914 - main.database.mongoDB - INFO - Connect successfully
2024-08-18 17:05:51,914 - main.crawl.build - INFO - Now building crawl 7...
2024-08-18 17:05:51,914 - main.crawl.build - INFO - Building mongoDB...
2024-08-18 17:05:51,914 - main.database.mongoDB - INFO - initialize mongoDB...
2024-08-18 17:05:51,914 - main.database.mongoDB - INFO - Connecting to mongodb://localhost:27017
2024-08-18 17:05:51,915 - main.database.mongoDB - INFO - Connect successfully
2024-08-18 17:05:51,915 - main.crawl.食品伙伴网-国际预警 - INFO - Running...
2024-08-18 17:05:51,915 - main.crawl.食品伙伴网-中国食品 - INFO - Running...
2024-08-18 17:05:51,916 - main.crawl.食品伙伴网-权威发布 - INFO - Running...
2024-08-18 17:05:51,916 - main.crawl.食品伙伴网-权威发布 - INFO - Running...
2024-08-18 17:05:51,916 - main.crawl.食品伙伴网-国际食品 - INFO - Running...
2024-08-18 17:05:51,916 - main.crawl.食品伙伴网-观点评论 - INFO - Running...
2024-08-18 17:05:51,917 - main.crawl.澳门特别行政区政府-国际咨询 - INFO - Running...
2024-08-18 17:05:51,917 - main - INFO - Crawl completed!
2024-08-18 17:05:51,931 - main.crawl.澳门特别行政区政府-国际咨询 - ERROR - HTTPSConnectionPool(host='www.foodsafety.gov.mo', port=443): Max retries exceeded with url: /c/internews/table (Caused by ProxyError('Unable to connect to proxy', FileNotFoundError(2, 'No such file or directory')))
2024-08-18 17:05:52,039 - main.crawl.食品伙伴网-观点评论 - INFO - 2 data items have been obtained!
2024-08-18 17:05:52,039 - main.crawl.食品伙伴网-观点评论 - ERROR - info() missing 1 required positional argument: 'msg'
2024-08-18 17:05:59,784 - main.crawl.食品伙伴网-权威发布 - INFO - 49 data items have been obtained!
2024-08-18 17:05:59,784 - main.crawl.食品伙伴网-权威发布 - ERROR - info() missing 1 required positional argument: 'msg'
2024-08-18 17:06:00,254 - main.crawl.食品伙伴网-中国食品 - INFO - 50 data items have been obtained!
2024-08-18 17:06:00,254 - main.crawl.食品伙伴网-中国食品 - ERROR - info() missing 1 required positional argument: 'msg'
2024-08-18 17:06:00,865 - main.crawl.食品伙伴网-国际食品 - INFO - 50 data items have been obtained!
2024-08-18 17:06:00,865 - main.crawl.食品伙伴网-国际食品 - ERROR - info() missing 1 required positional argument: 'msg'
2024-08-18 17:06:01,656 - main.crawl.食品伙伴网-权威发布 - INFO - 49 data items have been obtained!
2024-08-18 17:06:01,656 - main.crawl.食品伙伴网-权威发布 - ERROR - info() missing 1 required positional argument: 'msg'
2024-08-18 17:06:01,934 - main.crawl.食品伙伴网-国际预警 - INFO - 50 data items have been obtained!
2024-08-18 17:06:01,935 - main.crawl.食品伙伴网-国际预警 - ERROR - info() missing 1 required positional argument: 'msg'
