2024-08-18 17:03:00,311 - main - INFO - Crawl starting...
2024-08-18 17:03:00,311 - main - INFO - Getting site...
2024-08-18 17:03:00,311 - main - INFO - Get 7 sites
2024-08-18 17:03:00,311 - main - INFO - Getting history...
2024-08-18 17:03:00,312 - main - INFO - Get 8 history(The extra one is the template.)
2024-08-18 17:03:00,312 - main - INFO - Check the sites that need to be crawled...
2024-08-18 17:03:00,312 - main - INFO - Checking 食品伙伴网-国际预警...
2024-08-18 17:03:00,312 - main - INFO - This site is added to the list.
2024-08-18 17:03:00,313 - main - INFO - Checking 食品伙伴网-中国食品...
2024-08-18 17:03:00,313 - main - INFO - This site is added to the list.
2024-08-18 17:03:00,313 - main - INFO - Checking 食品伙伴网-权威发布...
2024-08-18 17:03:00,313 - main - INFO - This site is added to the list.
2024-08-18 17:03:00,313 - main - INFO - Checking 食品伙伴网-权威发布...
2024-08-18 17:03:00,313 - main - INFO - This site is added to the list.
2024-08-18 17:03:00,313 - main - INFO - Checking 食品伙伴网-国际食品...
2024-08-18 17:03:00,313 - main - INFO - This site is added to the list.
2024-08-18 17:03:00,313 - main - INFO - Checking 食品伙伴网-观点评论...
2024-08-18 17:03:00,313 - main - INFO - This site is added to the list.
2024-08-18 17:03:00,313 - main - INFO - Checking 澳门特别行政区政府-国际咨询...
2024-08-18 17:03:00,313 - main - INFO - This site is added to the list.
2024-08-18 17:03:00,313 - main - INFO - Get 7 sites that need to be crawled
2024-08-18 17:03:00,313 - main.crawl.build - INFO - Building crawls...
2024-08-18 17:03:00,313 - main.crawl.build - INFO - Now building crawl 1...
2024-08-18 17:03:00,313 - main.crawl.build - INFO - Building mongoDB...
2024-08-18 17:03:00,313 - main.database.mongoDB - INFO - initialize mongoDB...
2024-08-18 17:03:00,313 - main.database.mongoDB - INFO - Connecting to mongodb://localhost:27017
2024-08-18 17:03:00,316 - main.database.mongoDB - INFO - Connect successfully
2024-08-18 17:03:00,317 - main.crawl.build - INFO - Now building crawl 2...
2024-08-18 17:03:00,317 - main.crawl.build - INFO - Building mongoDB...
2024-08-18 17:03:00,317 - main.database.mongoDB - INFO - initialize mongoDB...
2024-08-18 17:03:00,317 - main.database.mongoDB - INFO - Connecting to mongodb://localhost:27017
2024-08-18 17:03:00,318 - main.database.mongoDB - INFO - Connect successfully
2024-08-18 17:03:00,318 - main.crawl.build - INFO - Now building crawl 3...
2024-08-18 17:03:00,318 - main.crawl.build - INFO - Building mongoDB...
2024-08-18 17:03:00,318 - main.database.mongoDB - INFO - initialize mongoDB...
2024-08-18 17:03:00,318 - main.database.mongoDB - INFO - Connecting to mongodb://localhost:27017
2024-08-18 17:03:00,319 - main.database.mongoDB - INFO - Connect successfully
2024-08-18 17:03:00,319 - main.crawl.build - INFO - Now building crawl 4...
2024-08-18 17:03:00,320 - main.crawl.build - INFO - Building mongoDB...
2024-08-18 17:03:00,320 - main.database.mongoDB - INFO - initialize mongoDB...
2024-08-18 17:03:00,320 - main.database.mongoDB - INFO - Connecting to mongodb://localhost:27017
2024-08-18 17:03:00,321 - main.database.mongoDB - INFO - Connect successfully
2024-08-18 17:03:00,321 - main.crawl.build - INFO - Now building crawl 5...
2024-08-18 17:03:00,321 - main.crawl.build - INFO - Building mongoDB...
2024-08-18 17:03:00,321 - main.database.mongoDB - INFO - initialize mongoDB...
2024-08-18 17:03:00,321 - main.database.mongoDB - INFO - Connecting to mongodb://localhost:27017
2024-08-18 17:03:00,323 - main.database.mongoDB - INFO - Connect successfully
2024-08-18 17:03:00,323 - main.crawl.build - INFO - Now building crawl 6...
2024-08-18 17:03:00,323 - main.crawl.build - INFO - Building mongoDB...
2024-08-18 17:03:00,323 - main.database.mongoDB - INFO - initialize mongoDB...
2024-08-18 17:03:00,323 - main.database.mongoDB - INFO - Connecting to mongodb://localhost:27017
2024-08-18 17:03:00,324 - main.database.mongoDB - INFO - Connect successfully
2024-08-18 17:03:00,324 - main.crawl.build - INFO - Now building crawl 7...
2024-08-18 17:03:00,324 - main.crawl.build - INFO - Building mongoDB...
2024-08-18 17:03:00,324 - main.database.mongoDB - INFO - initialize mongoDB...
2024-08-18 17:03:00,324 - main.database.mongoDB - INFO - Connecting to mongodb://localhost:27017
2024-08-18 17:03:00,325 - main.database.mongoDB - INFO - Connect successfully
2024-08-18 17:03:00,325 - main.crawl.食品伙伴网-国际预警 - INFO - Running...
2024-08-18 17:03:00,326 - main.crawl.食品伙伴网-中国食品 - INFO - Running...
2024-08-18 17:03:00,326 - main.crawl.食品伙伴网-权威发布 - INFO - Running...
2024-08-18 17:03:00,326 - main.crawl.食品伙伴网-权威发布 - INFO - Running...
2024-08-18 17:03:00,327 - main.crawl.食品伙伴网-国际食品 - INFO - Running...
2024-08-18 17:03:00,327 - main.crawl.食品伙伴网-观点评论 - INFO - Running...
2024-08-18 17:03:00,327 - main.crawl.澳门特别行政区政府-国际咨询 - INFO - Running...
2024-08-18 17:03:00,327 - main - INFO - Crawl completed!
2024-08-18 17:03:00,460 - main.crawl.食品伙伴网-观点评论 - INFO - 2 data items have been obtained!
2024-08-18 17:03:08,343 - main.crawl.食品伙伴网-国际食品 - INFO - 50 data items have been obtained!
2024-08-18 17:03:10,156 - main.crawl.食品伙伴网-权威发布 - INFO - 49 data items have been obtained!
2024-08-18 17:03:10,158 - main.database.mongoDB - INFO - InsertOneResult(ObjectId('66c1b8cebafdfb7f8b35dbb2'), acknowledged=True)
2024-08-18 17:03:10,158 - main.database.mongoDB - INFO - InsertOneResult(ObjectId('66c1b8cebafdfb7f8b35dbb3'), acknowledged=True)
2024-08-18 17:03:10,321 - main.crawl.食品伙伴网-国际预警 - INFO - 50 data items have been obtained!
2024-08-18 17:03:10,336 - main.database.mongoDB - INFO - InsertOneResult(ObjectId('66c1b8cebafdfb7f8b35dbb4'), acknowledged=True)
2024-08-18 17:03:12,185 - main.crawl.食品伙伴网-权威发布 - INFO - 49 data items have been obtained!
2024-08-18 17:03:12,210 - main.database.mongoDB - INFO - InsertOneResult(ObjectId('66c1b8d0bafdfb7f8b35dbb5'), acknowledged=True)
2024-08-18 17:03:12,211 - main.database.mongoDB - INFO - InsertOneResult(ObjectId('66c1b8d0bafdfb7f8b35dbb6'), acknowledged=True)
2024-08-18 17:03:14,041 - main.crawl.食品伙伴网-中国食品 - INFO - 50 data items have been obtained!
2024-08-18 17:03:14,043 - main.database.mongoDB - INFO - InsertOneResult(ObjectId('66c1b8d2bafdfb7f8b35dbb7'), acknowledged=True)
2024-08-18 17:03:14,044 - main.database.mongoDB - INFO - InsertOneResult(ObjectId('66c1b8d2bafdfb7f8b35dbb8'), acknowledged=True)
2024-08-18 17:03:14,044 - main.database.mongoDB - INFO - InsertOneResult(ObjectId('66c1b8d2bafdfb7f8b35dbb9'), acknowledged=True)
2024-08-18 17:03:14,044 - main.database.mongoDB - INFO - InsertOneResult(ObjectId('66c1b8d2bafdfb7f8b35dbba'), acknowledged=True)
2024-08-18 17:03:14,045 - main.database.mongoDB - INFO - InsertOneResult(ObjectId('66c1b8d2bafdfb7f8b35dbbb'), acknowledged=True)
2024-08-18 17:03:14,045 - main.database.mongoDB - INFO - InsertOneResult(ObjectId('66c1b8d2bafdfb7f8b35dbbc'), acknowledged=True)
2024-08-18 17:03:14,045 - main.database.mongoDB - INFO - InsertOneResult(ObjectId('66c1b8d2bafdfb7f8b35dbbd'), acknowledged=True)
2024-08-18 17:03:14,046 - main.database.mongoDB - INFO - InsertOneResult(ObjectId('66c1b8d2bafdfb7f8b35dbbe'), acknowledged=True)
2024-08-18 17:03:14,046 - main.database.mongoDB - INFO - InsertOneResult(ObjectId('66c1b8d2bafdfb7f8b35dbbf'), acknowledged=True)
2024-08-18 17:03:14,046 - main.database.mongoDB - INFO - InsertOneResult(ObjectId('66c1b8d2bafdfb7f8b35dbc0'), acknowledged=True)
2024-08-18 17:03:14,046 - main.database.mongoDB - INFO - InsertOneResult(ObjectId('66c1b8d2bafdfb7f8b35dbc1'), acknowledged=True)
2024-08-18 17:03:14,046 - main.database.mongoDB - INFO - InsertOneResult(ObjectId('66c1b8d2bafdfb7f8b35dbc2'), acknowledged=True)
2024-08-18 17:03:14,047 - main.database.mongoDB - INFO - InsertOneResult(ObjectId('66c1b8d2bafdfb7f8b35dbc3'), acknowledged=True)
2024-08-18 17:03:14,047 - main.database.mongoDB - INFO - InsertOneResult(ObjectId('66c1b8d2bafdfb7f8b35dbc4'), acknowledged=True)
2024-08-18 17:03:14,047 - main.database.mongoDB - INFO - InsertOneResult(ObjectId('66c1b8d2bafdfb7f8b35dbc5'), acknowledged=True)
2024-08-18 17:03:14,048 - main.database.mongoDB - INFO - InsertOneResult(ObjectId('66c1b8d2bafdfb7f8b35dbc6'), acknowledged=True)
2024-08-18 17:03:14,048 - main.database.mongoDB - INFO - InsertOneResult(ObjectId('66c1b8d2bafdfb7f8b35dbc7'), acknowledged=True)
