2024-08-18 17:06:52,209 - main - INFO - Crawl starting...
2024-08-18 17:06:52,209 - main - INFO - Getting site...
2024-08-18 17:06:52,209 - main - INFO - Get 7 sites
2024-08-18 17:06:52,209 - main - INFO - Getting history...
2024-08-18 17:06:52,209 - main - INFO - Get 8 history(The extra one is the template.)
2024-08-18 17:06:52,209 - main - INFO - Check the sites that need to be crawled...
2024-08-18 17:06:52,209 - main - INFO - Checking 食品伙伴网-国际预警...
2024-08-18 17:06:52,210 - main - INFO - This site is added to the list.
2024-08-18 17:06:52,210 - main - INFO - Checking 食品伙伴网-中国食品...
2024-08-18 17:06:52,213 - main - INFO - This site is added to the list.
2024-08-18 17:06:52,213 - main - INFO - Checking 食品伙伴网-权威发布...
2024-08-18 17:06:52,213 - main - INFO - This site is added to the list.
2024-08-18 17:06:52,213 - main - INFO - Checking 食品伙伴网-权威发布...
2024-08-18 17:06:52,213 - main - INFO - This site is added to the list.
2024-08-18 17:06:52,213 - main - INFO - Checking 食品伙伴网-国际食品...
2024-08-18 17:06:52,213 - main - INFO - This site is added to the list.
2024-08-18 17:06:52,213 - main - INFO - Checking 食品伙伴网-观点评论...
2024-08-18 17:06:52,213 - main - INFO - This site is added to the list.
2024-08-18 17:06:52,213 - main - INFO - Checking 澳门特别行政区政府-国际咨询...
2024-08-18 17:06:52,213 - main - INFO - This site is added to the list.
2024-08-18 17:06:52,213 - main - INFO - Get 7 sites that need to be crawled
2024-08-18 17:06:52,213 - main.crawl.build - INFO - Building crawls...
2024-08-18 17:06:52,213 - main.crawl.build - INFO - Now building crawl 1...
2024-08-18 17:06:52,213 - main.crawl.build - INFO - Building mongoDB...
2024-08-18 17:06:52,213 - main.database.mongoDB - INFO - initialize mongoDB...
2024-08-18 17:06:52,213 - main.database.mongoDB - INFO - Connecting to mongodb://localhost:27017
2024-08-18 17:06:52,216 - main.database.mongoDB - INFO - Connect successfully
2024-08-18 17:06:52,216 - main.crawl.build - INFO - Now building crawl 2...
2024-08-18 17:06:52,216 - main.crawl.build - INFO - Building mongoDB...
2024-08-18 17:06:52,216 - main.database.mongoDB - INFO - initialize mongoDB...
2024-08-18 17:06:52,216 - main.database.mongoDB - INFO - Connecting to mongodb://localhost:27017
2024-08-18 17:06:52,217 - main.database.mongoDB - INFO - Connect successfully
2024-08-18 17:06:52,217 - main.crawl.build - INFO - Now building crawl 3...
2024-08-18 17:06:52,217 - main.crawl.build - INFO - Building mongoDB...
2024-08-18 17:06:52,217 - main.database.mongoDB - INFO - initialize mongoDB...
2024-08-18 17:06:52,217 - main.database.mongoDB - INFO - Connecting to mongodb://localhost:27017
2024-08-18 17:06:52,218 - main.database.mongoDB - INFO - Connect successfully
2024-08-18 17:06:52,218 - main.crawl.build - INFO - Now building crawl 4...
2024-08-18 17:06:52,219 - main.crawl.build - INFO - Building mongoDB...
2024-08-18 17:06:52,219 - main.database.mongoDB - INFO - initialize mongoDB...
2024-08-18 17:06:52,219 - main.database.mongoDB - INFO - Connecting to mongodb://localhost:27017
2024-08-18 17:06:52,220 - main.database.mongoDB - INFO - Connect successfully
2024-08-18 17:06:52,220 - main.crawl.build - INFO - Now building crawl 5...
2024-08-18 17:06:52,221 - main.crawl.build - INFO - Building mongoDB...
2024-08-18 17:06:52,221 - main.database.mongoDB - INFO - initialize mongoDB...
2024-08-18 17:06:52,221 - main.database.mongoDB - INFO - Connecting to mongodb://localhost:27017
2024-08-18 17:06:52,222 - main.database.mongoDB - INFO - Connect successfully
2024-08-18 17:06:52,222 - main.crawl.build - INFO - Now building crawl 6...
2024-08-18 17:06:52,222 - main.crawl.build - INFO - Building mongoDB...
2024-08-18 17:06:52,222 - main.database.mongoDB - INFO - initialize mongoDB...
2024-08-18 17:06:52,222 - main.database.mongoDB - INFO - Connecting to mongodb://localhost:27017
2024-08-18 17:06:52,223 - main.database.mongoDB - INFO - Connect successfully
2024-08-18 17:06:52,223 - main.crawl.build - INFO - Now building crawl 7...
2024-08-18 17:06:52,223 - main.crawl.build - INFO - Building mongoDB...
2024-08-18 17:06:52,224 - main.database.mongoDB - INFO - initialize mongoDB...
2024-08-18 17:06:52,224 - main.database.mongoDB - INFO - Connecting to mongodb://localhost:27017
2024-08-18 17:06:52,225 - main.database.mongoDB - INFO - Connect successfully
2024-08-18 17:06:52,225 - main.crawl.食品伙伴网-国际预警 - INFO - Running...
2024-08-18 17:06:52,226 - main.crawl.食品伙伴网-中国食品 - INFO - Running...
2024-08-18 17:06:52,226 - main.crawl.食品伙伴网-权威发布 - INFO - Running...
2024-08-18 17:06:52,227 - main.crawl.食品伙伴网-权威发布 - INFO - Running...
2024-08-18 17:06:52,227 - main.crawl.食品伙伴网-国际食品 - INFO - Running...
2024-08-18 17:06:52,227 - main.crawl.食品伙伴网-观点评论 - INFO - Running...
2024-08-18 17:06:52,227 - main.crawl.澳门特别行政区政府-国际咨询 - INFO - Running...
2024-08-18 17:06:52,228 - main - INFO - Crawl completed!
2024-08-18 17:06:52,239 - main.crawl.澳门特别行政区政府-国际咨询 - ERROR - HTTPSConnectionPool(host='www.foodsafety.gov.mo', port=443): Max retries exceeded with url: /c/internews/table (Caused by ProxyError('Unable to connect to proxy', FileNotFoundError(2, 'No such file or directory')))
2024-08-18 17:06:52,385 - main.crawl.食品伙伴网-观点评论 - INFO - 2 data items have been obtained!
2024-08-18 17:06:52,385 - main.crawl.食品伙伴网-观点评论 - INFO - data_dict
2024-08-18 17:06:52,385 - main.crawl.食品伙伴网-观点评论 - ERROR - string indices must be integers
2024-08-18 17:07:04,614 - main.crawl.食品伙伴网-国际预警 - INFO - 50 data items have been obtained!
2024-08-18 17:07:04,614 - main.crawl.食品伙伴网-国际预警 - INFO - data_dict
2024-08-18 17:07:04,614 - main.crawl.食品伙伴网-国际预警 - INFO - data_dict
2024-08-18 17:07:04,617 - main.database.mongoDB - INFO - InsertOneResult(ObjectId('66c1b9b888d5acd84b13da5e'), acknowledged=True)
2024-08-18 17:07:05,719 - main.crawl.食品伙伴网-国际食品 - INFO - 50 data items have been obtained!
2024-08-18 17:07:05,719 - main.crawl.食品伙伴网-国际食品 - INFO - data_dict
2024-08-18 17:07:06,256 - main.crawl.食品伙伴网-中国食品 - INFO - 50 data items have been obtained!
2024-08-18 17:07:06,256 - main.crawl.食品伙伴网-中国食品 - INFO - data_dict
2024-08-18 17:07:06,256 - main.crawl.食品伙伴网-中国食品 - INFO - data_dict
2024-08-18 17:07:06,256 - main.crawl.食品伙伴网-中国食品 - INFO - data_dict
2024-08-18 17:07:06,256 - main.crawl.食品伙伴网-中国食品 - INFO - data_dict
2024-08-18 17:07:06,256 - main.crawl.食品伙伴网-中国食品 - INFO - data_dict
2024-08-18 17:07:06,256 - main.crawl.食品伙伴网-中国食品 - INFO - data_dict
2024-08-18 17:07:06,256 - main.crawl.食品伙伴网-中国食品 - INFO - data_dict
2024-08-18 17:07:06,256 - main.crawl.食品伙伴网-中国食品 - INFO - data_dict
2024-08-18 17:07:06,256 - main.crawl.食品伙伴网-中国食品 - INFO - data_dict
2024-08-18 17:07:06,256 - main.crawl.食品伙伴网-中国食品 - INFO - data_dict
2024-08-18 17:07:06,256 - main.crawl.食品伙伴网-中国食品 - INFO - data_dict
2024-08-18 17:07:06,256 - main.crawl.食品伙伴网-中国食品 - INFO - data_dict
2024-08-18 17:07:06,256 - main.crawl.食品伙伴网-中国食品 - INFO - data_dict
2024-08-18 17:07:06,256 - main.crawl.食品伙伴网-中国食品 - INFO - data_dict
2024-08-18 17:07:06,256 - main.crawl.食品伙伴网-中国食品 - INFO - data_dict
2024-08-18 17:07:06,256 - main.crawl.食品伙伴网-中国食品 - INFO - data_dict
2024-08-18 17:07:06,256 - main.crawl.食品伙伴网-中国食品 - INFO - data_dict
2024-08-18 17:07:06,256 - main.crawl.食品伙伴网-中国食品 - INFO - data_dict
2024-08-18 17:07:06,258 - main.database.mongoDB - INFO - InsertOneResult(ObjectId('66c1b9ba88d5acd84b13da5f'), acknowledged=True)
2024-08-18 17:07:06,258 - main.database.mongoDB - INFO - InsertOneResult(ObjectId('66c1b9ba88d5acd84b13da60'), acknowledged=True)
2024-08-18 17:07:06,258 - main.database.mongoDB - INFO - InsertOneResult(ObjectId('66c1b9ba88d5acd84b13da61'), acknowledged=True)
2024-08-18 17:07:06,258 - main.database.mongoDB - INFO - InsertOneResult(ObjectId('66c1b9ba88d5acd84b13da62'), acknowledged=True)
2024-08-18 17:07:06,259 - main.database.mongoDB - INFO - InsertOneResult(ObjectId('66c1b9ba88d5acd84b13da63'), acknowledged=True)
2024-08-18 17:07:06,259 - main.database.mongoDB - INFO - InsertOneResult(ObjectId('66c1b9ba88d5acd84b13da64'), acknowledged=True)
2024-08-18 17:07:06,259 - main.database.mongoDB - INFO - InsertOneResult(ObjectId('66c1b9ba88d5acd84b13da65'), acknowledged=True)
2024-08-18 17:07:06,259 - main.database.mongoDB - INFO - InsertOneResult(ObjectId('66c1b9ba88d5acd84b13da66'), acknowledged=True)
2024-08-18 17:07:06,259 - main.database.mongoDB - INFO - InsertOneResult(ObjectId('66c1b9ba88d5acd84b13da67'), acknowledged=True)
2024-08-18 17:07:06,260 - main.database.mongoDB - INFO - InsertOneResult(ObjectId('66c1b9ba88d5acd84b13da68'), acknowledged=True)
2024-08-18 17:07:06,260 - main.database.mongoDB - INFO - InsertOneResult(ObjectId('66c1b9ba88d5acd84b13da69'), acknowledged=True)
2024-08-18 17:07:06,260 - main.database.mongoDB - INFO - InsertOneResult(ObjectId('66c1b9ba88d5acd84b13da6a'), acknowledged=True)
2024-08-18 17:07:06,260 - main.database.mongoDB - INFO - InsertOneResult(ObjectId('66c1b9ba88d5acd84b13da6b'), acknowledged=True)
2024-08-18 17:07:06,261 - main.database.mongoDB - INFO - InsertOneResult(ObjectId('66c1b9ba88d5acd84b13da6c'), acknowledged=True)
2024-08-18 17:07:06,261 - main.database.mongoDB - INFO - InsertOneResult(ObjectId('66c1b9ba88d5acd84b13da6d'), acknowledged=True)
2024-08-18 17:07:06,261 - main.database.mongoDB - INFO - InsertOneResult(ObjectId('66c1b9ba88d5acd84b13da6e'), acknowledged=True)
2024-08-18 17:07:06,261 - main.database.mongoDB - INFO - InsertOneResult(ObjectId('66c1b9ba88d5acd84b13da6f'), acknowledged=True)
2024-08-18 17:07:07,522 - main.crawl.食品伙伴网-权威发布 - INFO - 49 data items have been obtained!
2024-08-18 17:07:07,522 - main.crawl.食品伙伴网-权威发布 - INFO - data_dict
2024-08-18 17:07:07,522 - main.crawl.食品伙伴网-权威发布 - INFO - data_dict
2024-08-18 17:07:07,522 - main.crawl.食品伙伴网-权威发布 - INFO - data_dict
2024-08-18 17:07:07,523 - main.database.mongoDB - INFO - InsertOneResult(ObjectId('66c1b9bb88d5acd84b13da70'), acknowledged=True)
2024-08-18 17:07:07,523 - main.database.mongoDB - INFO - InsertOneResult(ObjectId('66c1b9bb88d5acd84b13da71'), acknowledged=True)
2024-08-18 17:07:07,871 - main.crawl.食品伙伴网-权威发布 - INFO - 49 data items have been obtained!
2024-08-18 17:07:07,871 - main.crawl.食品伙伴网-权威发布 - INFO - data_dict
2024-08-18 17:07:07,871 - main.crawl.食品伙伴网-权威发布 - INFO - data_dict
2024-08-18 17:07:07,871 - main.crawl.食品伙伴网-权威发布 - INFO - data_dict
2024-08-18 17:07:07,898 - main.database.mongoDB - INFO - InsertOneResult(ObjectId('66c1b9bb88d5acd84b13da72'), acknowledged=True)
2024-08-18 17:07:07,899 - main.database.mongoDB - INFO - InsertOneResult(ObjectId('66c1b9bb88d5acd84b13da73'), acknowledged=True)
