2024-08-18 17:13:31,062 - main - INFO - Crawl starting...
2024-08-18 17:13:31,062 - main - INFO - Getting site...
2024-08-18 17:13:31,062 - main - INFO - Get 7 sites
2024-08-18 17:13:31,062 - main - INFO - Getting history...
2024-08-18 17:13:31,062 - main - INFO - Get 8 history(The extra one is the template.)
2024-08-18 17:13:31,062 - main - INFO - Check the sites that need to be crawled...
2024-08-18 17:13:31,062 - main - INFO - Checking 食品伙伴网-国际预警...
2024-08-18 17:13:31,063 - main - INFO - This site is added to the list.
2024-08-18 17:13:31,063 - main - INFO - Checking 食品伙伴网-中国食品...
2024-08-18 17:13:31,066 - main - INFO - This site is added to the list.
2024-08-18 17:13:31,066 - main - INFO - Checking 食品伙伴网-权威发布...
2024-08-18 17:13:31,066 - main - INFO - This site is added to the list.
2024-08-18 17:13:31,066 - main - INFO - Checking 食品伙伴网-权威发布...
2024-08-18 17:13:31,066 - main - INFO - This site is added to the list.
2024-08-18 17:13:31,066 - main - INFO - Checking 食品伙伴网-国际食品...
2024-08-18 17:13:31,066 - main - INFO - This site is added to the list.
2024-08-18 17:13:31,066 - main - INFO - Checking 食品伙伴网-观点评论...
2024-08-18 17:13:31,066 - main - INFO - This site is added to the list.
2024-08-18 17:13:31,066 - main - INFO - Checking 澳门特别行政区政府-国际咨询...
2024-08-18 17:13:31,066 - main - INFO - This site is added to the list.
2024-08-18 17:13:31,066 - main - INFO - Get 7 sites that need to be crawled
2024-08-18 17:13:31,066 - main.crawl.build - INFO - Building crawls...
2024-08-18 17:13:31,066 - main.crawl.build - INFO - Now building crawl 1...
2024-08-18 17:13:31,066 - main.crawl.build - INFO - Building mongoDB...
2024-08-18 17:13:31,066 - main.database.mongoDB - INFO - initialize mongoDB...
2024-08-18 17:13:31,066 - main.database.mongoDB - INFO - Connecting to mongodb://localhost:27017
2024-08-18 17:13:31,069 - main.database.mongoDB - INFO - Connect successfully
2024-08-18 17:13:31,069 - main.crawl.build - INFO - Now building crawl 2...
2024-08-18 17:13:31,069 - main.crawl.build - INFO - Building mongoDB...
2024-08-18 17:13:31,069 - main.database.mongoDB - INFO - initialize mongoDB...
2024-08-18 17:13:31,069 - main.database.mongoDB - INFO - Connecting to mongodb://localhost:27017
2024-08-18 17:13:31,070 - main.database.mongoDB - INFO - Connect successfully
2024-08-18 17:13:31,070 - main.crawl.build - INFO - Now building crawl 3...
2024-08-18 17:13:31,070 - main.crawl.build - INFO - Building mongoDB...
2024-08-18 17:13:31,070 - main.database.mongoDB - INFO - initialize mongoDB...
2024-08-18 17:13:31,070 - main.database.mongoDB - INFO - Connecting to mongodb://localhost:27017
2024-08-18 17:13:31,072 - main.database.mongoDB - INFO - Connect successfully
2024-08-18 17:13:31,072 - main.crawl.build - INFO - Now building crawl 4...
2024-08-18 17:13:31,072 - main.crawl.build - INFO - Building mongoDB...
2024-08-18 17:13:31,072 - main.database.mongoDB - INFO - initialize mongoDB...
2024-08-18 17:13:31,072 - main.database.mongoDB - INFO - Connecting to mongodb://localhost:27017
2024-08-18 17:13:31,074 - main.database.mongoDB - INFO - Connect successfully
2024-08-18 17:13:31,074 - main.crawl.build - INFO - Now building crawl 5...
2024-08-18 17:13:31,074 - main.crawl.build - INFO - Building mongoDB...
2024-08-18 17:13:31,074 - main.database.mongoDB - INFO - initialize mongoDB...
2024-08-18 17:13:31,074 - main.database.mongoDB - INFO - Connecting to mongodb://localhost:27017
2024-08-18 17:13:31,075 - main.database.mongoDB - INFO - Connect successfully
2024-08-18 17:13:31,075 - main.crawl.build - INFO - Now building crawl 6...
2024-08-18 17:13:31,075 - main.crawl.build - INFO - Building mongoDB...
2024-08-18 17:13:31,075 - main.database.mongoDB - INFO - initialize mongoDB...
2024-08-18 17:13:31,075 - main.database.mongoDB - INFO - Connecting to mongodb://localhost:27017
2024-08-18 17:13:31,076 - main.database.mongoDB - INFO - Connect successfully
2024-08-18 17:13:31,076 - main.crawl.build - INFO - Now building crawl 7...
2024-08-18 17:13:31,076 - main.crawl.build - INFO - Building mongoDB...
2024-08-18 17:13:31,076 - main.database.mongoDB - INFO - initialize mongoDB...
2024-08-18 17:13:31,076 - main.database.mongoDB - INFO - Connecting to mongodb://localhost:27017
2024-08-18 17:13:31,077 - main.database.mongoDB - INFO - Connect successfully
2024-08-18 17:13:31,077 - main.crawl.食品伙伴网-国际预警 - INFO - Running...
2024-08-18 17:13:31,078 - main.crawl.食品伙伴网-中国食品 - INFO - Running...
2024-08-18 17:13:31,078 - main.crawl.食品伙伴网-权威发布 - INFO - Running...
2024-08-18 17:13:31,078 - main.crawl.食品伙伴网-权威发布 - INFO - Running...
2024-08-18 17:13:31,078 - main.crawl.食品伙伴网-国际食品 - INFO - Running...
2024-08-18 17:13:31,079 - main.crawl.食品伙伴网-观点评论 - INFO - Running...
2024-08-18 17:13:31,079 - main.crawl.澳门特别行政区政府-国际咨询 - INFO - Running...
2024-08-18 17:13:31,092 - main.crawl.澳门特别行政区政府-国际咨询 - ERROR - HTTPSConnectionPool(host='www.foodsafety.gov.mo', port=443): Max retries exceeded with url: /c/internews/table (Caused by ProxyError('Unable to connect to proxy', FileNotFoundError(2, 'No such file or directory')))
2024-08-18 17:13:31,184 - main.crawl.食品伙伴网-观点评论 - INFO - 2 data items have been obtained!
2024-08-18 17:13:31,184 - main.crawl.食品伙伴网-观点评论 - ERROR - string indices must be integers
2024-08-18 17:13:47,384 - main.crawl.食品伙伴网-国际预警 - INFO - 50 data items have been obtained!
2024-08-18 17:13:47,386 - main.database.mongoDB - INFO - InsertOneResult(ObjectId('66c1bb4b29010d5b663a45d4'), acknowledged=True)
2024-08-18 17:13:47,533 - main.crawl.食品伙伴网-权威发布 - INFO - 49 data items have been obtained!
2024-08-18 17:13:47,535 - main.database.mongoDB - INFO - InsertOneResult(ObjectId('66c1bb4b29010d5b663a45d5'), acknowledged=True)
2024-08-18 17:13:47,535 - main.database.mongoDB - INFO - InsertOneResult(ObjectId('66c1bb4b29010d5b663a45d6'), acknowledged=True)
2024-08-18 17:13:48,246 - main.crawl.食品伙伴网-中国食品 - INFO - 50 data items have been obtained!
2024-08-18 17:13:48,249 - main.database.mongoDB - INFO - InsertOneResult(ObjectId('66c1bb4c29010d5b663a45d7'), acknowledged=True)
2024-08-18 17:13:48,249 - main.database.mongoDB - INFO - InsertOneResult(ObjectId('66c1bb4c29010d5b663a45d8'), acknowledged=True)
2024-08-18 17:13:48,250 - main.database.mongoDB - INFO - InsertOneResult(ObjectId('66c1bb4c29010d5b663a45d9'), acknowledged=True)
2024-08-18 17:13:48,250 - main.database.mongoDB - INFO - InsertOneResult(ObjectId('66c1bb4c29010d5b663a45da'), acknowledged=True)
2024-08-18 17:13:48,250 - main.database.mongoDB - INFO - InsertOneResult(ObjectId('66c1bb4c29010d5b663a45db'), acknowledged=True)
2024-08-18 17:13:48,251 - main.database.mongoDB - INFO - InsertOneResult(ObjectId('66c1bb4c29010d5b663a45dc'), acknowledged=True)
2024-08-18 17:13:48,251 - main.database.mongoDB - INFO - InsertOneResult(ObjectId('66c1bb4c29010d5b663a45dd'), acknowledged=True)
2024-08-18 17:13:48,251 - main.database.mongoDB - INFO - InsertOneResult(ObjectId('66c1bb4c29010d5b663a45de'), acknowledged=True)
2024-08-18 17:13:48,251 - main.database.mongoDB - INFO - InsertOneResult(ObjectId('66c1bb4c29010d5b663a45df'), acknowledged=True)
2024-08-18 17:13:48,252 - main.database.mongoDB - INFO - InsertOneResult(ObjectId('66c1bb4c29010d5b663a45e0'), acknowledged=True)
2024-08-18 17:13:48,252 - main.database.mongoDB - INFO - InsertOneResult(ObjectId('66c1bb4c29010d5b663a45e1'), acknowledged=True)
2024-08-18 17:13:48,252 - main.database.mongoDB - INFO - InsertOneResult(ObjectId('66c1bb4c29010d5b663a45e2'), acknowledged=True)
2024-08-18 17:13:48,253 - main.database.mongoDB - INFO - InsertOneResult(ObjectId('66c1bb4c29010d5b663a45e3'), acknowledged=True)
2024-08-18 17:13:48,253 - main.database.mongoDB - INFO - InsertOneResult(ObjectId('66c1bb4c29010d5b663a45e4'), acknowledged=True)
2024-08-18 17:13:48,253 - main.database.mongoDB - INFO - InsertOneResult(ObjectId('66c1bb4c29010d5b663a45e5'), acknowledged=True)
2024-08-18 17:13:48,253 - main.database.mongoDB - INFO - InsertOneResult(ObjectId('66c1bb4c29010d5b663a45e6'), acknowledged=True)
2024-08-18 17:13:48,254 - main.database.mongoDB - INFO - InsertOneResult(ObjectId('66c1bb4c29010d5b663a45e7'), acknowledged=True)
2024-08-18 17:13:49,090 - main.crawl.食品伙伴网-国际食品 - INFO - 50 data items have been obtained!
2024-08-18 17:13:50,693 - main.crawl.食品伙伴网-权威发布 - INFO - 49 data items have been obtained!
2024-08-18 17:13:50,695 - main.database.mongoDB - INFO - InsertOneResult(ObjectId('66c1bb4e29010d5b663a45e8'), acknowledged=True)
2024-08-18 17:13:50,696 - main.database.mongoDB - INFO - InsertOneResult(ObjectId('66c1bb4e29010d5b663a45e9'), acknowledged=True)
2024-08-18 17:13:50,696 - main - INFO - Crawl completed!
