2024-08-18 16:27:26,541 - main - INFO - Crawl starting...
2024-08-18 16:27:26,542 - main - INFO - Getting site...
2024-08-18 16:27:26,542 - main - INFO - Get 7 sites
2024-08-18 16:27:26,542 - main - INFO - Getting history...
2024-08-18 16:27:26,542 - main - INFO - Get 8 history(The extra one is the template.)
2024-08-18 16:27:26,542 - main - INFO - Check the sites that need to be crawled...
2024-08-18 16:27:26,542 - main - INFO - Checking 食品伙伴网-国际预警...
2024-08-18 16:27:26,543 - main - INFO - This site is added to the list.
2024-08-18 16:27:26,543 - main - INFO - Checking 食品伙伴网-中国食品...
2024-08-18 16:27:26,544 - main - INFO - This site is added to the list.
2024-08-18 16:27:26,544 - main - INFO - Checking 食品伙伴网-权威发布...
2024-08-18 16:27:26,544 - main - INFO - This site is added to the list.
2024-08-18 16:27:26,544 - main - INFO - Checking 食品伙伴网-权威发布...
2024-08-18 16:27:26,544 - main - INFO - This site is added to the list.
2024-08-18 16:27:26,544 - main - INFO - Checking 食品伙伴网-国际食品...
2024-08-18 16:27:26,544 - main - INFO - This site is added to the list.
2024-08-18 16:27:26,544 - main - INFO - Checking 食品伙伴网-观点评论...
2024-08-18 16:27:26,544 - main - INFO - This site is added to the list.
2024-08-18 16:27:26,544 - main - INFO - Checking 澳门特别行政区政府-国际咨询...
2024-08-18 16:27:26,544 - main - INFO - This site is added to the list.
2024-08-18 16:27:26,544 - main - INFO - Get 7 sites that need to be crawled
2024-08-18 16:27:26,544 - main.crawl.build - INFO - Building crawls...
2024-08-18 16:27:26,544 - main.crawl.build - INFO - Building crawls...
2024-08-18 16:27:26,544 - main.crawl.build - INFO - Now building crawl 1...
2024-08-18 16:27:26,544 - main.crawl.build - INFO - Now building crawl 1...
2024-08-18 16:27:26,544 - main.crawl.build - INFO - Building mongoDB...
2024-08-18 16:27:26,544 - main.crawl.build - INFO - Building mongoDB...
2024-08-18 16:27:26,544 - main.database.mongoDB - INFO - initialize mongoDB...
2024-08-18 16:27:26,544 - main.database.mongoDB - INFO - initialize mongoDB...
2024-08-18 16:27:26,544 - main.database.mongoDB - INFO - Connecting to localhost:27017
2024-08-18 16:27:26,544 - main.database.mongoDB - INFO - Connecting to localhost:27017
